<?xml version="1.0" encoding="UTF-8"?>
<testsuite name="github.com.simaomenezes.roleapp.infrastructure.persistence.repository.PermissionRepositoryTest" tests="5" skipped="0" failures="0" errors="0" timestamp="2025-03-21T17:38:40.340Z" hostname="TRYONN" time="0.688">
  <properties/>
  <testcase name="Given a Name Permission when findByName Permission then return Permission Object" classname="github.com.simaomenezes.roleapp.infrastructure.persistence.repository.PermissionRepositoryTest" time="0.611"/>
  <testcase name="Given Permission List when List All then Return List" classname="github.com.simaomenezes.roleapp.infrastructure.persistence.repository.PermissionRepositoryTest" time="0.022"/>
  <testcase name="Given Permission Object when delete by id remove it" classname="github.com.simaomenezes.roleapp.infrastructure.persistence.repository.PermissionRepositoryTest" time="0.025"/>
  <testcase name="Given a name Permission when Permission name to update then Return Permission name" classname="github.com.simaomenezes.roleapp.infrastructure.persistence.repository.PermissionRepositoryTest" time="0.015"/>
  <testcase name="Given Permission Object when Save then Return Saved Permission" classname="github.com.simaomenezes.roleapp.infrastructure.persistence.repository.PermissionRepositoryTest" time="0.01"/>
  <system-out><![CDATA[17:38:34.467 [Test worker] INFO org.springframework.test.context.support.AnnotationConfigContextLoaderUtils -- Could not detect default configuration classes for test class [github.com.simaomenezes.roleapp.infrastructure.persistence.repository.PermissionRepositoryTest]: PermissionRepositoryTest does not declare any static, non-private, non-final, nested classes annotated with @Configuration.
17:38:34.641 [Test worker] INFO org.springframework.boot.test.context.SpringBootTestContextBootstrapper -- Found @SpringBootConfiguration github.com.simaomenezes.roleapp.AppRoleAuthApplication for test class github.com.simaomenezes.roleapp.infrastructure.persistence.repository.PermissionRepositoryTest
17:38:34.690 [Test worker] INFO org.testcontainers.images.PullPolicy -- Image pull policy will be performed by: DefaultPullPolicy()
17:38:34.700 [Test worker] INFO org.testcontainers.utility.ImageNameSubstitutor -- Image name substitution will be performed by: DefaultImageNameSubstitutor (composite of 'ConfigurationFileImageNameSubstitutor' and 'PrefixingImageNameSubstitutor')
17:38:34.706 [Test worker] INFO org.testcontainers.DockerClientFactory -- Testcontainers version: 1.20.5
17:38:34.871 [Test worker] INFO org.testcontainers.dockerclient.DockerClientProviderStrategy -- Loaded org.testcontainers.dockerclient.NpipeSocketClientProviderStrategy from ~/.testcontainers.properties, will try it first
17:38:35.146 [Test worker] INFO org.testcontainers.dockerclient.DockerClientProviderStrategy -- Found Docker environment with local Npipe socket (npipe:////./pipe/docker_engine)
17:38:35.146 [Test worker] INFO org.testcontainers.DockerClientFactory -- Docker host IP address is localhost
17:38:35.167 [Test worker] INFO org.testcontainers.DockerClientFactory -- Connected to docker: 
  Server Version: 28.0.1
  API Version: 1.48
  Operating System: Docker Desktop
  Total Memory: 7562 MB
  Labels: 
    com.docker.desktop.address=npipe://\\.\pipe\docker_cli
17:38:35.252 [Test worker] INFO tc.testcontainers/ryuk:0.11.0 -- Creating container for image: testcontainers/ryuk:0.11.0
17:38:35.521 [Test worker] INFO tc.testcontainers/ryuk:0.11.0 -- Container testcontainers/ryuk:0.11.0 is starting: 4103646a8a75b9eee352ae1dd9518ca8014a18d0d6654b0e89f2b0c12ebb75f7
17:38:35.859 [Test worker] INFO tc.testcontainers/ryuk:0.11.0 -- Container testcontainers/ryuk:0.11.0 started in PT0.6074451S
17:38:35.864 [Test worker] INFO org.testcontainers.utility.RyukResourceReaper -- Ryuk started - will monitor and terminate Testcontainers containers on JVM exit
17:38:35.865 [Test worker] INFO org.testcontainers.DockerClientFactory -- Checking the system...
17:38:35.865 [Test worker] INFO org.testcontainers.DockerClientFactory -- ✔︎ Docker server version should be at least 1.6.0
17:38:35.866 [Test worker] INFO tc.postgres:15 -- Creating container for image: postgres:15
17:38:35.962 [Test worker] INFO tc.postgres:15 -- Container postgres:15 is starting: 0118abc36e8b7d712f085943c094a1d5ed58996fecf0bcded3378367fa7269bb
17:38:37.250 [Test worker] INFO tc.postgres:15 -- Container postgres:15 started in PT1.3841322S
17:38:37.250 [Test worker] INFO tc.postgres:15 -- Container is started (JDBC URL: jdbc:postgresql://localhost:51478/test?loggerLevel=OFF)

  .   ____          _            __ _ _
 /\\ / ___'_ __ _ _(_)_ __  __ _ \ \ \ \
( ( )\___ | '_ | '_| | '_ \/ _` | \ \ \ \
 \\/  ___)| |_)| | | | | || (_| |  ) ) ) )
  '  |____| .__|_| |_|_| |_\__, | / / / /
 =========|_|==============|___/=/_/_/_/

 :: Spring Boot ::                (v3.4.3)

2025-03-21T17:38:37.682Z  INFO 11708 --- [    Test worker] g.c.s.r.i.p.r.PermissionRepositoryTest   : Starting PermissionRepositoryTest using Java 17.0.12 with PID 11708 (started by simao in C:\dev\projects-java\app-role-auth)
2025-03-21T17:38:37.682Z  INFO 11708 --- [    Test worker] g.c.s.r.i.p.r.PermissionRepositoryTest   : No active profile set, falling back to 1 default profile: "default"
2025-03-21T17:38:38.013Z  INFO 11708 --- [    Test worker] .s.d.r.c.RepositoryConfigurationDelegate : Bootstrapping Spring Data JPA repositories in DEFAULT mode.
2025-03-21T17:38:38.071Z  INFO 11708 --- [    Test worker] .s.d.r.c.RepositoryConfigurationDelegate : Finished Spring Data repository scanning in 48 ms. Found 1 JPA repository interface.
2025-03-21T17:38:38.409Z  INFO 11708 --- [    Test worker] o.hibernate.jpa.internal.util.LogHelper  : HHH000204: Processing PersistenceUnitInfo [name: default]
2025-03-21T17:38:38.488Z  INFO 11708 --- [    Test worker] org.hibernate.Version                    : HHH000412: Hibernate ORM core version 6.6.8.Final
2025-03-21T17:38:38.532Z  INFO 11708 --- [    Test worker] o.h.c.internal.RegionFactoryInitiator    : HHH000026: Second-level cache disabled
2025-03-21T17:38:38.844Z  INFO 11708 --- [    Test worker] o.s.o.j.p.SpringPersistenceUnitInfo      : No LoadTimeWeaver setup: ignoring JPA class transformer
2025-03-21T17:38:38.886Z  INFO 11708 --- [    Test worker] com.zaxxer.hikari.HikariDataSource       : HikariPool-1 - Starting...
2025-03-21T17:38:39.076Z  INFO 11708 --- [    Test worker] com.zaxxer.hikari.pool.HikariPool        : HikariPool-1 - Added connection org.postgresql.jdbc.PgConnection@3ef089ce
2025-03-21T17:38:39.078Z  INFO 11708 --- [    Test worker] com.zaxxer.hikari.HikariDataSource       : HikariPool-1 - Start completed.
2025-03-21T17:38:39.112Z  WARN 11708 --- [    Test worker] org.hibernate.orm.deprecation            : HHH90000025: PostgreSQLDialect does not need to be specified explicitly using 'hibernate.dialect' (remove the property setting and it will be selected by default)
2025-03-21T17:38:39.139Z  INFO 11708 --- [    Test worker] org.hibernate.orm.connections.pooling    : HHH10001005: Database info:
	Database JDBC URL [Connecting through datasource 'HikariDataSource (HikariPool-1)']
	Database driver: undefined/unknown
	Database version: 15.12
	Autocommit mode: undefined/unknown
	Isolation level: undefined/unknown
	Minimum pool size: undefined/unknown
	Maximum pool size: undefined/unknown
2025-03-21T17:38:39.740Z  INFO 11708 --- [    Test worker] o.h.m.i.EntityInstantiatorPojoStandard   : HHH000182: No default (no-argument) constructor for class: github.com.simaomenezes.roleapp.domain.entity.PermissionEntity (class must be instantiated by Interceptor)
2025-03-21T17:38:39.882Z  INFO 11708 --- [    Test worker] o.h.e.t.j.p.i.JtaPlatformInitiator       : HHH000489: No JTA platform available (set 'hibernate.transaction.jta.platform' to enable JTA platform integration)
Hibernate: 
    create table permission (
        id bigint generated by default as identity,
        name varchar(255),
        primary key (id)
    )
2025-03-21T17:38:39.935Z  INFO 11708 --- [    Test worker] j.LocalContainerEntityManagerFactoryBean : Initialized JPA EntityManagerFactory for persistence unit 'default'
2025-03-21T17:38:40.326Z  INFO 11708 --- [    Test worker] g.c.s.r.i.p.r.PermissionRepositoryTest   : Started PermissionRepositoryTest in 3.043 seconds (process running for 6.859)
Hibernate: 
    insert 
    into
        permission
        (name) 
    values
        (?)
Hibernate: 
    select
        pe1_0.id,
        pe1_0.name 
    from
        permission pe1_0 
    where
        pe1_0.name=?
Hibernate: 
    insert 
    into
        permission
        (name) 
    values
        (?)
Hibernate: 
    insert 
    into
        permission
        (name) 
    values
        (?)
Hibernate: 
    insert 
    into
        permission
        (name) 
    values
        (?)
Hibernate: 
    select
        pe1_0.id,
        pe1_0.name 
    from
        permission pe1_0
Hibernate: 
    insert 
    into
        permission
        (name) 
    values
        (?)
Hibernate: 
    insert 
    into
        permission
        (name) 
    values
        (?)
Hibernate: 
    insert 
    into
        permission
        (name) 
    values
        (?)
]]></system-out>
  <system-err><![CDATA[]]></system-err>
</testsuite>
