<?xml version="1.0" encoding="UTF-8"?>
<testsuite name="github.com.simaomenezes.roleapp.infrastructure.persistence.repository.PermissionRepositoryTest" tests="1" skipped="0" failures="0" errors="0" timestamp="2025-03-19T19:58:42.945Z" hostname="TRYONN" time="0.523">
  <properties/>
  <testcase name="Given Permission Object when Save then Return Saved Permission" classname="github.com.simaomenezes.roleapp.infrastructure.persistence.repository.PermissionRepositoryTest" time="0.523"/>
  <system-out><![CDATA[19:58:37.375 [Test worker] INFO org.springframework.test.context.support.AnnotationConfigContextLoaderUtils -- Could not detect default configuration classes for test class [github.com.simaomenezes.roleapp.infrastructure.persistence.repository.PermissionRepositoryTest]: PermissionRepositoryTest does not declare any static, non-private, non-final, nested classes annotated with @Configuration.
19:58:37.528 [Test worker] INFO org.springframework.boot.test.context.SpringBootTestContextBootstrapper -- Found @SpringBootConfiguration github.com.simaomenezes.roleapp.AppRoleAuthApplication for test class github.com.simaomenezes.roleapp.infrastructure.persistence.repository.PermissionRepositoryTest
19:58:37.581 [Test worker] INFO org.testcontainers.images.PullPolicy -- Image pull policy will be performed by: DefaultPullPolicy()
19:58:37.584 [Test worker] INFO org.testcontainers.utility.ImageNameSubstitutor -- Image name substitution will be performed by: DefaultImageNameSubstitutor (composite of 'ConfigurationFileImageNameSubstitutor' and 'PrefixingImageNameSubstitutor')
19:58:37.591 [Test worker] INFO org.testcontainers.DockerClientFactory -- Testcontainers version: 1.20.5
19:58:37.746 [Test worker] INFO org.testcontainers.dockerclient.DockerClientProviderStrategy -- Loaded org.testcontainers.dockerclient.NpipeSocketClientProviderStrategy from ~/.testcontainers.properties, will try it first
19:58:37.997 [Test worker] INFO org.testcontainers.dockerclient.DockerClientProviderStrategy -- Found Docker environment with local Npipe socket (npipe:////./pipe/docker_engine)
19:58:37.998 [Test worker] INFO org.testcontainers.DockerClientFactory -- Docker host IP address is localhost
19:58:38.018 [Test worker] INFO org.testcontainers.DockerClientFactory -- Connected to docker: 
  Server Version: 28.0.1
  API Version: 1.48
  Operating System: Docker Desktop
  Total Memory: 7562 MB
  Labels: 
    com.docker.desktop.address=npipe://\\.\pipe\docker_cli
19:58:38.098 [Test worker] INFO tc.testcontainers/ryuk:0.11.0 -- Creating container for image: testcontainers/ryuk:0.11.0
19:58:38.318 [Test worker] INFO tc.testcontainers/ryuk:0.11.0 -- Container testcontainers/ryuk:0.11.0 is starting: 6e7ce5a71e27b6e16cfef59f6dcf2acfafea6fbafbfbdcb66cc037bd3b4db0ec
19:58:38.699 [Test worker] INFO tc.testcontainers/ryuk:0.11.0 -- Container testcontainers/ryuk:0.11.0 started in PT0.6015848S
19:58:38.705 [Test worker] INFO org.testcontainers.utility.RyukResourceReaper -- Ryuk started - will monitor and terminate Testcontainers containers on JVM exit
19:58:38.705 [Test worker] INFO org.testcontainers.DockerClientFactory -- Checking the system...
19:58:38.706 [Test worker] INFO org.testcontainers.DockerClientFactory -- ✔︎ Docker server version should be at least 1.6.0
19:58:38.706 [Test worker] INFO tc.postgres:15 -- Creating container for image: postgres:15
19:58:38.790 [Test worker] INFO tc.postgres:15 -- Container postgres:15 is starting: d3044baac610c7f690e5966c34e7d625d07cb248e4daaf34979a3f50d41764cb
19:58:40.228 [Test worker] INFO tc.postgres:15 -- Container postgres:15 started in PT1.5219984S
19:58:40.229 [Test worker] INFO tc.postgres:15 -- Container is started (JDBC URL: jdbc:postgresql://localhost:52650/test?loggerLevel=OFF)

  .   ____          _            __ _ _
 /\\ / ___'_ __ _ _(_)_ __  __ _ \ \ \ \
( ( )\___ | '_ | '_| | '_ \/ _` | \ \ \ \
 \\/  ___)| |_)| | | | | || (_| |  ) ) ) )
  '  |____| .__|_| |_|_| |_\__, | / / / /
 =========|_|==============|___/=/_/_/_/

 :: Spring Boot ::                (v3.4.3)

2025-03-19T19:58:40.619Z  INFO 26496 --- [    Test worker] g.c.s.r.i.p.r.PermissionRepositoryTest   : Starting PermissionRepositoryTest using Java 17.0.12 with PID 26496 (started by simao in C:\dev\projects-java\app-role-auth)
2025-03-19T19:58:40.621Z  INFO 26496 --- [    Test worker] g.c.s.r.i.p.r.PermissionRepositoryTest   : No active profile set, falling back to 1 default profile: "default"
2025-03-19T19:58:40.911Z  INFO 26496 --- [    Test worker] .s.d.r.c.RepositoryConfigurationDelegate : Bootstrapping Spring Data JPA repositories in DEFAULT mode.
2025-03-19T19:58:40.967Z  INFO 26496 --- [    Test worker] .s.d.r.c.RepositoryConfigurationDelegate : Finished Spring Data repository scanning in 46 ms. Found 1 JPA repository interface.
2025-03-19T19:58:41.289Z  INFO 26496 --- [    Test worker] o.hibernate.jpa.internal.util.LogHelper  : HHH000204: Processing PersistenceUnitInfo [name: default]
2025-03-19T19:58:41.353Z  INFO 26496 --- [    Test worker] org.hibernate.Version                    : HHH000412: Hibernate ORM core version 6.6.8.Final
2025-03-19T19:58:41.392Z  INFO 26496 --- [    Test worker] o.h.c.internal.RegionFactoryInitiator    : HHH000026: Second-level cache disabled
2025-03-19T19:58:41.682Z  INFO 26496 --- [    Test worker] o.s.o.j.p.SpringPersistenceUnitInfo      : No LoadTimeWeaver setup: ignoring JPA class transformer
2025-03-19T19:58:41.718Z  INFO 26496 --- [    Test worker] com.zaxxer.hikari.HikariDataSource       : HikariPool-1 - Starting...
2025-03-19T19:58:41.870Z  INFO 26496 --- [    Test worker] com.zaxxer.hikari.pool.HikariPool        : HikariPool-1 - Added connection org.postgresql.jdbc.PgConnection@3ef089ce
2025-03-19T19:58:41.872Z  INFO 26496 --- [    Test worker] com.zaxxer.hikari.HikariDataSource       : HikariPool-1 - Start completed.
2025-03-19T19:58:41.901Z  WARN 26496 --- [    Test worker] org.hibernate.orm.deprecation            : HHH90000025: PostgreSQLDialect does not need to be specified explicitly using 'hibernate.dialect' (remove the property setting and it will be selected by default)
2025-03-19T19:58:41.925Z  INFO 26496 --- [    Test worker] org.hibernate.orm.connections.pooling    : HHH10001005: Database info:
	Database JDBC URL [Connecting through datasource 'HikariDataSource (HikariPool-1)']
	Database driver: undefined/unknown
	Database version: 15.12
	Autocommit mode: undefined/unknown
	Isolation level: undefined/unknown
	Minimum pool size: undefined/unknown
	Maximum pool size: undefined/unknown
2025-03-19T19:58:42.478Z  INFO 26496 --- [    Test worker] o.h.m.i.EntityInstantiatorPojoStandard   : HHH000182: No default (no-argument) constructor for class: github.com.simaomenezes.roleapp.infrastructure.persistence.entity.PermissionEntity (class must be instantiated by Interceptor)
2025-03-19T19:58:42.615Z  INFO 26496 --- [    Test worker] o.h.e.t.j.p.i.JtaPlatformInitiator       : HHH000489: No JTA platform available (set 'hibernate.transaction.jta.platform' to enable JTA platform integration)
Hibernate: 
    create table permission (
        id bigint generated by default as identity,
        name varchar(255),
        primary key (id)
    )
2025-03-19T19:58:42.660Z  INFO 26496 --- [    Test worker] j.LocalContainerEntityManagerFactoryBean : Initialized JPA EntityManagerFactory for persistence unit 'default'
2025-03-19T19:58:42.936Z  INFO 26496 --- [    Test worker] g.c.s.r.i.p.r.PermissionRepositoryTest   : Started PermissionRepositoryTest in 2.673 seconds (process running for 6.431)
Hibernate: 
    insert 
    into
        permission
        (name) 
    values
        (?)
]]></system-out>
  <system-err><![CDATA[]]></system-err>
</testsuite>
