<?xml version="1.0" encoding="UTF-8"?>
<testsuite name="github.com.simaomenezes.roleapp.infrastructure.persistence.repository.PermissionRepositoryTest" tests="4" skipped="0" failures="0" errors="0" timestamp="2025-03-19T21:28:39.920Z" hostname="TRYONN" time="0.674">
  <properties/>
  <testcase name="Given Permission List when List All then Return List" classname="github.com.simaomenezes.roleapp.infrastructure.persistence.repository.PermissionRepositoryTest" time="0.632"/>
  <testcase name="Given Permission Object when delete by id remove it" classname="github.com.simaomenezes.roleapp.infrastructure.persistence.repository.PermissionRepositoryTest" time="0.017"/>
  <testcase name="Given a name Permission when Permission name to update then Return Permission name" classname="github.com.simaomenezes.roleapp.infrastructure.persistence.repository.PermissionRepositoryTest" time="0.011"/>
  <testcase name="Given Permission Object when Save then Return Saved Permission" classname="github.com.simaomenezes.roleapp.infrastructure.persistence.repository.PermissionRepositoryTest" time="0.009"/>
  <system-out><![CDATA[21:28:34.080 [Test worker] INFO org.springframework.test.context.support.AnnotationConfigContextLoaderUtils -- Could not detect default configuration classes for test class [github.com.simaomenezes.roleapp.infrastructure.persistence.repository.PermissionRepositoryTest]: PermissionRepositoryTest does not declare any static, non-private, non-final, nested classes annotated with @Configuration.
21:28:34.251 [Test worker] INFO org.springframework.boot.test.context.SpringBootTestContextBootstrapper -- Found @SpringBootConfiguration github.com.simaomenezes.roleapp.AppRoleAuthApplication for test class github.com.simaomenezes.roleapp.infrastructure.persistence.repository.PermissionRepositoryTest
21:28:34.314 [Test worker] INFO org.testcontainers.images.PullPolicy -- Image pull policy will be performed by: DefaultPullPolicy()
21:28:34.318 [Test worker] INFO org.testcontainers.utility.ImageNameSubstitutor -- Image name substitution will be performed by: DefaultImageNameSubstitutor (composite of 'ConfigurationFileImageNameSubstitutor' and 'PrefixingImageNameSubstitutor')
21:28:34.326 [Test worker] INFO org.testcontainers.DockerClientFactory -- Testcontainers version: 1.20.5
21:28:34.488 [Test worker] INFO org.testcontainers.dockerclient.DockerClientProviderStrategy -- Loaded org.testcontainers.dockerclient.NpipeSocketClientProviderStrategy from ~/.testcontainers.properties, will try it first
21:28:34.788 [Test worker] INFO org.testcontainers.dockerclient.DockerClientProviderStrategy -- Found Docker environment with local Npipe socket (npipe:////./pipe/docker_engine)
21:28:34.790 [Test worker] INFO org.testcontainers.DockerClientFactory -- Docker host IP address is localhost
21:28:34.814 [Test worker] INFO org.testcontainers.DockerClientFactory -- Connected to docker: 
  Server Version: 28.0.1
  API Version: 1.48
  Operating System: Docker Desktop
  Total Memory: 7562 MB
  Labels: 
    com.docker.desktop.address=npipe://\\.\pipe\docker_cli
21:28:34.896 [Test worker] INFO tc.testcontainers/ryuk:0.11.0 -- Creating container for image: testcontainers/ryuk:0.11.0
21:28:35.145 [Test worker] INFO tc.testcontainers/ryuk:0.11.0 -- Container testcontainers/ryuk:0.11.0 is starting: e002da972d1a3b6614dc5c8da3b9e47aacbf268c7c47b0ec408f59a05b5aa67f
21:28:35.572 [Test worker] INFO tc.testcontainers/ryuk:0.11.0 -- Container testcontainers/ryuk:0.11.0 started in PT0.6767563S
21:28:35.579 [Test worker] INFO org.testcontainers.utility.RyukResourceReaper -- Ryuk started - will monitor and terminate Testcontainers containers on JVM exit
21:28:35.579 [Test worker] INFO org.testcontainers.DockerClientFactory -- Checking the system...
21:28:35.579 [Test worker] INFO org.testcontainers.DockerClientFactory -- ✔︎ Docker server version should be at least 1.6.0
21:28:35.579 [Test worker] INFO tc.postgres:15 -- Creating container for image: postgres:15
21:28:35.671 [Test worker] INFO tc.postgres:15 -- Container postgres:15 is starting: 424214026c85fd98bbe6cbd3d59913485653cf8ed2bc4f8ed828f887e8d2dbdd
21:28:37.218 [Test worker] INFO tc.postgres:15 -- Container postgres:15 started in PT1.6386073S
21:28:37.218 [Test worker] INFO tc.postgres:15 -- Container is started (JDBC URL: jdbc:postgresql://localhost:53663/test?loggerLevel=OFF)

  .   ____          _            __ _ _
 /\\ / ___'_ __ _ _(_)_ __  __ _ \ \ \ \
( ( )\___ | '_ | '_| | '_ \/ _` | \ \ \ \
 \\/  ___)| |_)| | | | | || (_| |  ) ) ) )
  '  |____| .__|_| |_|_| |_\__, | / / / /
 =========|_|==============|___/=/_/_/_/

 :: Spring Boot ::                (v3.4.3)

2025-03-19T21:28:37.600Z  INFO 14136 --- [    Test worker] g.c.s.r.i.p.r.PermissionRepositoryTest   : Starting PermissionRepositoryTest using Java 17.0.12 with PID 14136 (started by simao in C:\dev\projects-java\app-role-auth)
2025-03-19T21:28:37.601Z  INFO 14136 --- [    Test worker] g.c.s.r.i.p.r.PermissionRepositoryTest   : No active profile set, falling back to 1 default profile: "default"
2025-03-19T21:28:37.877Z  INFO 14136 --- [    Test worker] .s.d.r.c.RepositoryConfigurationDelegate : Bootstrapping Spring Data JPA repositories in DEFAULT mode.
2025-03-19T21:28:37.929Z  INFO 14136 --- [    Test worker] .s.d.r.c.RepositoryConfigurationDelegate : Finished Spring Data repository scanning in 43 ms. Found 1 JPA repository interface.
2025-03-19T21:28:38.245Z  INFO 14136 --- [    Test worker] o.hibernate.jpa.internal.util.LogHelper  : HHH000204: Processing PersistenceUnitInfo [name: default]
2025-03-19T21:28:38.311Z  INFO 14136 --- [    Test worker] org.hibernate.Version                    : HHH000412: Hibernate ORM core version 6.6.8.Final
2025-03-19T21:28:38.346Z  INFO 14136 --- [    Test worker] o.h.c.internal.RegionFactoryInitiator    : HHH000026: Second-level cache disabled
2025-03-19T21:28:38.638Z  INFO 14136 --- [    Test worker] o.s.o.j.p.SpringPersistenceUnitInfo      : No LoadTimeWeaver setup: ignoring JPA class transformer
2025-03-19T21:28:38.670Z  INFO 14136 --- [    Test worker] com.zaxxer.hikari.HikariDataSource       : HikariPool-1 - Starting...
2025-03-19T21:28:38.836Z  INFO 14136 --- [    Test worker] com.zaxxer.hikari.pool.HikariPool        : HikariPool-1 - Added connection org.postgresql.jdbc.PgConnection@4e3ffd0
2025-03-19T21:28:38.838Z  INFO 14136 --- [    Test worker] com.zaxxer.hikari.HikariDataSource       : HikariPool-1 - Start completed.
2025-03-19T21:28:38.867Z  WARN 14136 --- [    Test worker] org.hibernate.orm.deprecation            : HHH90000025: PostgreSQLDialect does not need to be specified explicitly using 'hibernate.dialect' (remove the property setting and it will be selected by default)
2025-03-19T21:28:38.890Z  INFO 14136 --- [    Test worker] org.hibernate.orm.connections.pooling    : HHH10001005: Database info:
	Database JDBC URL [Connecting through datasource 'HikariDataSource (HikariPool-1)']
	Database driver: undefined/unknown
	Database version: 15.12
	Autocommit mode: undefined/unknown
	Isolation level: undefined/unknown
	Minimum pool size: undefined/unknown
	Maximum pool size: undefined/unknown
2025-03-19T21:28:39.460Z  INFO 14136 --- [    Test worker] o.h.m.i.EntityInstantiatorPojoStandard   : HHH000182: No default (no-argument) constructor for class: github.com.simaomenezes.roleapp.infrastructure.persistence.entity.PermissionEntity (class must be instantiated by Interceptor)
2025-03-19T21:28:39.595Z  INFO 14136 --- [    Test worker] o.h.e.t.j.p.i.JtaPlatformInitiator       : HHH000489: No JTA platform available (set 'hibernate.transaction.jta.platform' to enable JTA platform integration)
Hibernate: 
    create table permission (
        id bigint generated by default as identity,
        name varchar(255),
        primary key (id)
    )
2025-03-19T21:28:39.639Z  INFO 14136 --- [    Test worker] j.LocalContainerEntityManagerFactoryBean : Initialized JPA EntityManagerFactory for persistence unit 'default'
2025-03-19T21:28:39.912Z  INFO 14136 --- [    Test worker] g.c.s.r.i.p.r.PermissionRepositoryTest   : Started PermissionRepositoryTest in 2.659 seconds (process running for 6.673)
Hibernate: 
    insert 
    into
        permission
        (name) 
    values
        (?)
Hibernate: 
    insert 
    into
        permission
        (name) 
    values
        (?)
Hibernate: 
    insert 
    into
        permission
        (name) 
    values
        (?)
Hibernate: 
    select
        pe1_0.id,
        pe1_0.name 
    from
        permission pe1_0
Hibernate: 
    insert 
    into
        permission
        (name) 
    values
        (?)
Hibernate: 
    insert 
    into
        permission
        (name) 
    values
        (?)
Hibernate: 
    insert 
    into
        permission
        (name) 
    values
        (?)
]]></system-out>
  <system-err><![CDATA[]]></system-err>
</testsuite>
