<?xml version="1.0" encoding="UTF-8"?>
<testsuite name="github.com.simaomenezes.roleapp.infrastructure.persistence.repository.PermissionRepositoryTest" tests="1" skipped="0" failures="0" errors="0" timestamp="2025-03-24T20:49:14.184Z" hostname="TRYONN" time="0.625">
  <properties/>
  <testcase name="Given Id Permission when findById Permission then return Permission Object" classname="github.com.simaomenezes.roleapp.infrastructure.persistence.repository.PermissionRepositoryTest" time="0.625"/>
  <system-out><![CDATA[20:49:05.163 [Test worker] INFO org.springframework.test.context.support.AnnotationConfigContextLoaderUtils -- Could not detect default configuration classes for test class [github.com.simaomenezes.roleapp.infrastructure.persistence.repository.PermissionRepositoryTest]: PermissionRepositoryTest does not declare any static, non-private, non-final, nested classes annotated with @Configuration.
20:49:05.554 [Test worker] INFO org.springframework.boot.test.context.SpringBootTestContextBootstrapper -- Found @SpringBootConfiguration github.com.simaomenezes.roleapp.AppRoleAuthApplication for test class github.com.simaomenezes.roleapp.infrastructure.persistence.repository.PermissionRepositoryTest
20:49:05.695 [Test worker] INFO org.testcontainers.images.PullPolicy -- Image pull policy will be performed by: DefaultPullPolicy()
20:49:05.704 [Test worker] INFO org.testcontainers.utility.ImageNameSubstitutor -- Image name substitution will be performed by: DefaultImageNameSubstitutor (composite of 'ConfigurationFileImageNameSubstitutor' and 'PrefixingImageNameSubstitutor')
20:49:05.724 [Test worker] INFO org.testcontainers.DockerClientFactory -- Testcontainers version: 1.20.5
20:49:06.244 [Test worker] INFO org.testcontainers.dockerclient.DockerClientProviderStrategy -- Loaded org.testcontainers.dockerclient.NpipeSocketClientProviderStrategy from ~/.testcontainers.properties, will try it first
20:49:06.770 [Test worker] INFO org.testcontainers.dockerclient.DockerClientProviderStrategy -- Found Docker environment with local Npipe socket (npipe:////./pipe/docker_engine)
20:49:06.770 [Test worker] INFO org.testcontainers.DockerClientFactory -- Docker host IP address is localhost
20:49:06.795 [Test worker] INFO org.testcontainers.DockerClientFactory -- Connected to docker: 
  Server Version: 28.0.1
  API Version: 1.48
  Operating System: Docker Desktop
  Total Memory: 7562 MB
  Labels: 
    com.docker.desktop.address=npipe://\\.\pipe\docker_cli
20:49:06.898 [Test worker] INFO tc.testcontainers/ryuk:0.11.0 -- Creating container for image: testcontainers/ryuk:0.11.0
20:49:07.239 [Test worker] INFO tc.testcontainers/ryuk:0.11.0 -- Container testcontainers/ryuk:0.11.0 is starting: 4ff687adfd7023bd00186d636af1966132934bd86a1093b62a26ea03fc4f4e6a
20:49:07.657 [Test worker] INFO tc.testcontainers/ryuk:0.11.0 -- Container testcontainers/ryuk:0.11.0 started in PT0.7589416S
20:49:07.662 [Test worker] INFO org.testcontainers.utility.RyukResourceReaper -- Ryuk started - will monitor and terminate Testcontainers containers on JVM exit
20:49:07.663 [Test worker] INFO org.testcontainers.DockerClientFactory -- Checking the system...
20:49:07.664 [Test worker] INFO org.testcontainers.DockerClientFactory -- ✔︎ Docker server version should be at least 1.6.0
20:49:07.664 [Test worker] INFO tc.postgres:15 -- Creating container for image: postgres:15
20:49:07.749 [Test worker] INFO tc.postgres:15 -- Container postgres:15 is starting: 6220c9dcc1efe2abe6b27d0503411cb1d946c143041e165677918b61b5164c8a
20:49:09.330 [Test worker] INFO tc.postgres:15 -- Container postgres:15 started in PT1.6658062S
20:49:09.331 [Test worker] INFO tc.postgres:15 -- Container is started (JDBC URL: jdbc:postgresql://localhost:63335/test?loggerLevel=OFF)

  .   ____          _            __ _ _
 /\\ / ___'_ __ _ _(_)_ __  __ _ \ \ \ \
( ( )\___ | '_ | '_| | '_ \/ _` | \ \ \ \
 \\/  ___)| |_)| | | | | || (_| |  ) ) ) )
  '  |____| .__|_| |_|_| |_\__, | / / / /
 =========|_|==============|___/=/_/_/_/

 :: Spring Boot ::                (v3.4.3)

2025-03-24T20:49:10.034Z  INFO 42880 --- [    Test worker] g.c.s.r.i.p.r.PermissionRepositoryTest   : Starting PermissionRepositoryTest using Java 17.0.12 with PID 42880 (started by simao in C:\dev\projects-java\app-role-auth)
2025-03-24T20:49:10.034Z  INFO 42880 --- [    Test worker] g.c.s.r.i.p.r.PermissionRepositoryTest   : No active profile set, falling back to 1 default profile: "default"
2025-03-24T20:49:10.497Z  INFO 42880 --- [    Test worker] .s.d.r.c.RepositoryConfigurationDelegate : Bootstrapping Spring Data JPA repositories in DEFAULT mode.
2025-03-24T20:49:10.591Z  INFO 42880 --- [    Test worker] .s.d.r.c.RepositoryConfigurationDelegate : Finished Spring Data repository scanning in 80 ms. Found 1 JPA repository interface.
2025-03-24T20:49:11.124Z  INFO 42880 --- [    Test worker] o.hibernate.jpa.internal.util.LogHelper  : HHH000204: Processing PersistenceUnitInfo [name: default]
2025-03-24T20:49:11.224Z  INFO 42880 --- [    Test worker] org.hibernate.Version                    : HHH000412: Hibernate ORM core version 6.6.8.Final
2025-03-24T20:49:11.290Z  INFO 42880 --- [    Test worker] o.h.c.internal.RegionFactoryInitiator    : HHH000026: Second-level cache disabled
2025-03-24T20:49:11.833Z  INFO 42880 --- [    Test worker] o.s.o.j.p.SpringPersistenceUnitInfo      : No LoadTimeWeaver setup: ignoring JPA class transformer
2025-03-24T20:49:11.886Z  INFO 42880 --- [    Test worker] com.zaxxer.hikari.HikariDataSource       : HikariPool-1 - Starting...
2025-03-24T20:49:12.213Z  INFO 42880 --- [    Test worker] com.zaxxer.hikari.pool.HikariPool        : HikariPool-1 - Added connection org.postgresql.jdbc.PgConnection@284e4692
2025-03-24T20:49:12.215Z  INFO 42880 --- [    Test worker] com.zaxxer.hikari.HikariDataSource       : HikariPool-1 - Start completed.
2025-03-24T20:49:12.286Z  WARN 42880 --- [    Test worker] org.hibernate.orm.deprecation            : HHH90000025: PostgreSQLDialect does not need to be specified explicitly using 'hibernate.dialect' (remove the property setting and it will be selected by default)
2025-03-24T20:49:12.320Z  INFO 42880 --- [    Test worker] org.hibernate.orm.connections.pooling    : HHH10001005: Database info:
	Database JDBC URL [Connecting through datasource 'HikariDataSource (HikariPool-1)']
	Database driver: undefined/unknown
	Database version: 15.12
	Autocommit mode: undefined/unknown
	Isolation level: undefined/unknown
	Minimum pool size: undefined/unknown
	Maximum pool size: undefined/unknown
2025-03-24T20:49:13.348Z  INFO 42880 --- [    Test worker] o.h.m.i.EntityInstantiatorPojoStandard   : HHH000182: No default (no-argument) constructor for class: github.com.simaomenezes.roleapp.domain.entity.PermissionEntity (class must be instantiated by Interceptor)
2025-03-24T20:49:13.623Z  INFO 42880 --- [    Test worker] o.h.e.t.j.p.i.JtaPlatformInitiator       : HHH000489: No JTA platform available (set 'hibernate.transaction.jta.platform' to enable JTA platform integration)
Hibernate: 
    create table permission (
        id bigint generated by default as identity,
        name varchar(255),
        primary key (id)
    )
2025-03-24T20:49:13.704Z  INFO 42880 --- [    Test worker] j.LocalContainerEntityManagerFactoryBean : Initialized JPA EntityManagerFactory for persistence unit 'default'
2025-03-24T20:49:14.178Z  INFO 42880 --- [    Test worker] g.c.s.r.i.p.r.PermissionRepositoryTest   : Started PermissionRepositoryTest in 4.797 seconds (process running for 10.923)
Hibernate: 
    insert 
    into
        permission
        (name) 
    values
        (?)
]]></system-out>
  <system-err><![CDATA[]]></system-err>
</testsuite>
